<Event xmlns='http://schemas.microsoft.com/win/2004/08/events/event'><System><Provider Name='Microsoft-Windows-Security-Auditing' Guid='{54849625-5478-4994-a5ba-3e3b0328c30d}'/><EventID>4625</EventID><Version>0</Version><Level>0</Level><Task>12544</Task><Opcode>0</Opcode><Keywords>0x8010000000000000</Keywords><TimeCreated SystemTime='2026-01-09T07:58:51.4249476Z'/><EventRecordID>1023</EventRecordID><Correlation ActivityID='{94a99a62-807e-0001-fc9a-a9947e80dc01}'/><Execution ProcessID='676' ThreadID='2504'/><Channel>Security</Channel><Computer>DESKTOP-SBRO8HJ</Computer><Security/></System><EventData><Data Name='SubjectUserSid'>S-1-5-18</Data><Data Name='SubjectUserName'>DESKTOP-SBRO8HJ$</Data><Data Name='SubjectDomainName'>WORKGROUP</Data><Data Name='SubjectLogonId'>0x3e7</Data><Data Name='TargetUserSid'>S-1-0-0</Data><Data Name='TargetUserName'>testuser</Data><Data Name='TargetDomainName'>DESKTOP-SBRO8HJ</Data><Data Name='Status'>0xc000006d</Data><Data Name='FailureReason'>%%2313</Data><Data Name='SubStatus'>0xc000006a</Data><Data Name='LogonType'>2</Data><Data Name='LogonProcessName'>User32 </Data><Data Name='AuthenticationPackageName'>Negotiate</Data><Data Name='WorkstationName'>DESKTOP-SBRO8HJ</Data><Data Name='TransmittedServices'>-</Data><Data Name='LmPackageName'>-</Data><Data Name='KeyLength'>0</Data><Data Name='ProcessId'>0x5c0</Data><Data Name='ProcessName'>C:\Windows\System32\svchost.exe</Data><Data Name='IpAddress'>127.0.0.1</Data><Data Name='IpPort'>0</Data></EventData></Event>
<Event xmlns='http://schemas.microsoft.com/win/2004/08/events/event'><System><Provider Name='Microsoft-Windows-Security-Auditing' Guid='{54849625-5478-4994-a5ba-3e3b0328c30d}'/><EventID>4625</EventID><Version>0</Version><Level>0</Level><Task>12544</Task><Opcode>0</Opcode><Keywords>0x8010000000000000</Keywords><TimeCreated SystemTime='2026-01-09T07:58:53.3646382Z'/><EventRecordID>1024</EventRecordID><Correlation ActivityID='{94a99a62-807e-0001-fc9a-a9947e80dc01}'/><Execution ProcessID='676' ThreadID='10128'/><Channel>Security</Channel><Computer>DESKTOP-SBRO8HJ</Computer><Security/></System><EventData><Data Name='SubjectUserSid'>S-1-5-18</Data><Data Name='SubjectUserName'>DESKTOP-SBRO8HJ$</Data><Data Name='SubjectDomainName'>WORKGROUP</Data><Data Name='SubjectLogonId'>0x3e7</Data><Data Name='TargetUserSid'>S-1-0-0</Data><Data Name='TargetUserName'>testuser</Data><Data Name='TargetDomainName'>DESKTOP-SBRO8HJ</Data><Data Name='Status'>0xc000006d</Data><Data Name='FailureReason'>%%2313</Data><Data Name='SubStatus'>0xc000006a</Data><Data Name='LogonType'>2</Data><Data Name='LogonProcessName'>User32 </Data><Data Name='AuthenticationPackageName'>Negotiate</Data><Data Name='WorkstationName'>DESKTOP-SBRO8HJ</Data><Data Name='TransmittedServices'>-</Data><Data Name='LmPackageName'>-</Data><Data Name='KeyLength'>0</Data><Data Name='ProcessId'>0x5c0</Data><Data Name='ProcessName'>C:\Windows\System32\svchost.exe</Data><Data Name='IpAddress'>127.0.0.1</Data><Data Name='IpPort'>0</Data></EventData></Event>
<Event xmlns='http://schemas.microsoft.com/win/2004/08/events/event'><System><Provider Name='Microsoft-Windows-Security-Auditing' Guid='{54849625-5478-4994-a5ba-3e3b0328c30d}'/><EventID>4625</EventID><Version>0</Version><Level>0</Level><Task>12544</Task><Opcode>0</Opcode><Keywords>0x8010000000000000</Keywords><TimeCreated SystemTime='2026-01-09T07:58:54.9617292Z'/><EventRecordID>1025</EventRecordID><Correlation ActivityID='{94a99a62-807e-0001-fc9a-a9947e80dc01}'/><Execution ProcessID='676' ThreadID='2504'/><Channel>Security</Channel><Computer>DESKTOP-SBRO8HJ</Computer><Security/></System><EventData><Data Name='SubjectUserSid'>S-1-5-18</Data><Data Name='SubjectUserName'>DESKTOP-SBRO8HJ$</Data><Data Name='SubjectDomainName'>WORKGROUP</Data><Data Name='SubjectLogonId'>0x3e7</Data><Data Name='TargetUserSid'>S-1-0-0</Data><Data Name='TargetUserName'>testuser</Data><Data Name='TargetDomainName'>DESKTOP-SBRO8HJ</Data><Data Name='Status'>0xc000006d</Data><Data Name='FailureReason'>%%2313</Data><Data Name='SubStatus'>0xc000006a</Data><Data Name='LogonType'>2</Data><Data Name='LogonProcessName'>User32 </Data><Data Name='AuthenticationPackageName'>Negotiate</Data><Data Name='WorkstationName'>DESKTOP-SBRO8HJ</Data><Data Name='TransmittedServices'>-</Data><Data Name='LmPackageName'>-</Data><Data Name='KeyLength'>0</Data><Data Name='ProcessId'>0x5c0</Data><Data Name='ProcessName'>C:\Windows\System32\svchost.exe</Data><Data Name='IpAddress'>127.0.0.1</Data><Data Name='IpPort'>0</Data></EventData></Event>
<Event xmlns='http://schemas.microsoft.com/win/2004/08/events/event'><System><Provider Name='Microsoft-Windows-Security-Auditing' Guid='{54849625-5478-4994-a5ba-3e3b0328c30d}'/><EventID>4625</EventID><Version>0</Version><Level>0</Level><Task>12544</Task><Opcode>0</Opcode><Keywords>0x8010000000000000</Keywords><TimeCreated SystemTime='2026-01-09T07:58:58.2343485Z'/><EventRecordID>1026</EventRecordID><Correlation ActivityID='{94a99a62-807e-0001-fc9a-a9947e80dc01}'/><Execution ProcessID='676' ThreadID='10128'/><Channel>Security</Channel><Computer>DESKTOP-SBRO8HJ</Computer><Security/></System><EventData><Data Name='SubjectUserSid'>S-1-5-18</Data><Data Name='SubjectUserName'>DESKTOP-SBRO8HJ$</Data><Data Name='SubjectDomainName'>WORKGROUP</Data><Data Name='SubjectLogonId'>0x3e7</Data><Data Name='TargetUserSid'>S-1-0-0</Data><Data Name='TargetUserName'>testuser</Data><Data Name='TargetDomainName'>DESKTOP-SBRO8HJ</Data><Data Name='Status'>0xc000006d</Data><Data Name='FailureReason'>%%2313</Data><Data Name='SubStatus'>0xc000006a</Data><Data Name='LogonType'>2</Data><Data Name='LogonProcessName'>User32 </Data><Data Name='AuthenticationPackageName'>Negotiate</Data><Data Name='WorkstationName'>DESKTOP-SBRO8HJ</Data><Data Name='TransmittedServices'>-</Data><Data Name='LmPackageName'>-</Data><Data Name='KeyLength'>0</Data><Data Name='ProcessId'>0x5c0</Data><Data Name='ProcessName'>C:\Windows\System32\svchost.exe</Data><Data Name='IpAddress'>127.0.0.1</Data><Data Name='IpPort'>0</Data></EventData></Event>
<Event xmlns='http://schemas.microsoft.com/win/2004/08/events/event'><System><Provider Name='Microsoft-Windows-Security-Auditing' Guid='{54849625-5478-4994-a5ba-3e3b0328c30d}'/><EventID>4625</EventID><Version>0</Version><Level>0</Level><Task>12544</Task><Opcode>0</Opcode><Keywords>0x8010000000000000</Keywords><TimeCreated SystemTime='2026-01-09T07:59:00.5292074Z'/><EventRecordID>1027</EventRecordID><Correlation ActivityID='{94a99a62-807e-0001-fc9a-a9947e80dc01}'/><Execution ProcessID='676' ThreadID='2504'/><Channel>Security</Channel><Computer>DESKTOP-SBRO8HJ</Computer><Security/></System><EventData><Data Name='SubjectUserSid'>S-1-5-18</Data><Data Name='SubjectUserName'>DESKTOP-SBRO8HJ$</Data><Data Name='SubjectDomainName'>WORKGROUP</Data><Data Name='SubjectLogonId'>0x3e7</Data><Data Name='TargetUserSid'>S-1-0-0</Data><Data Name='TargetUserName'>testuser</Data><Data Name='TargetDomainName'>DESKTOP-SBRO8HJ</Data><Data Name='Status'>0xc000006d</Data><Data Name='FailureReason'>%%2313</Data><Data Name='SubStatus'>0xc000006a</Data><Data Name='LogonType'>2</Data><Data Name='LogonProcessName'>User32 </Data><Data Name='AuthenticationPackageName'>Negotiate</Data><Data Name='WorkstationName'>DESKTOP-SBRO8HJ</Data><Data Name='TransmittedServices'>-</Data><Data Name='LmPackageName'>-</Data><Data Name='KeyLength'>0</Data><Data Name='ProcessId'>0x5c0</Data><Data Name='ProcessName'>C:\Windows\System32\svchost.exe</Data><Data Name='IpAddress'>127.0.0.1</Data><Data Name='IpPort'>0</Data></EventData></Event>
